0 info it worked if it ends with ok
1 verbose cli [ '/usr/local/bin/node', '/usr/local/bin/npm', 'start' ]
2 info using npm@3.10.5
3 info using node@v4.4.7
4 verbose run-script [ 'prestart', 'start', 'poststart' ]
5 info lifecycle build-the-world@0.0.0~prestart: build-the-world@0.0.0
6 silly lifecycle build-the-world@0.0.0~prestart: no script for prestart, continuing
7 info lifecycle build-the-world@0.0.0~start: build-the-world@0.0.0
8 verbose lifecycle build-the-world@0.0.0~start: unsafe-perm in lifecycle true
9 verbose lifecycle build-the-world@0.0.0~start: PATH: /usr/local/lib/node_modules/npm/bin/node-gyp-bin:/Users/ratan/RatanHD/node_platform/openshift/buildtheworld/node_modules/.bin:/usr/local/bin:/Library/Frameworks/Python.framework/Versions/3.5/bin:/usr/bin:/bin:/usr/sbin:/sbin:/usr/local/bin:/usr/local/git/bin:/Applications/MAMP/Library/bin:/Users/ratan/RatanHD/apache-maven-3.3.9/bin:/usr/local/sbin:/Users/ratan/RatanHD/mongodb-osx-x86_64-3.2.3/bin:/Library/Java/JavaVirtualMachines/jdk1.8.0_73.jdk/Contents/Home/bin:/Users/ratan/RatanHD/tools/scala-2.11.8/bin
10 verbose lifecycle build-the-world@0.0.0~start: CWD: /Users/ratan/RatanHD/node_platform/openshift/buildtheworld
11 silly lifecycle build-the-world@0.0.0~start: Args: [ '-c', 'node lib/' ]
12 silly lifecycle build-the-world@0.0.0~start: Returned: code: 1  signal: null
13 info lifecycle build-the-world@0.0.0~start: Failed to exec start script
14 verbose stack Error: build-the-world@0.0.0 start: `node lib/`
14 verbose stack Exit status 1
14 verbose stack     at EventEmitter.<anonymous> (/usr/local/lib/node_modules/npm/lib/utils/lifecycle.js:242:16)
14 verbose stack     at emitTwo (events.js:87:13)
14 verbose stack     at EventEmitter.emit (events.js:172:7)
14 verbose stack     at ChildProcess.<anonymous> (/usr/local/lib/node_modules/npm/lib/utils/spawn.js:40:14)
14 verbose stack     at emitTwo (events.js:87:13)
14 verbose stack     at ChildProcess.emit (events.js:172:7)
14 verbose stack     at maybeClose (internal/child_process.js:827:16)
14 verbose stack     at Process.ChildProcess._handle.onexit (internal/child_process.js:211:5)
15 verbose pkgid build-the-world@0.0.0
16 verbose cwd /Users/ratan/RatanHD/node_platform/openshift/buildtheworld
17 error Darwin 15.5.0
18 error argv "/usr/local/bin/node" "/usr/local/bin/npm" "start"
19 error node v4.4.7
20 error npm  v3.10.5
21 error code ELIFECYCLE
22 error build-the-world@0.0.0 start: `node lib/`
22 error Exit status 1
23 error Failed at the build-the-world@0.0.0 start script 'node lib/'.
23 error Make sure you have the latest version of node.js and npm installed.
23 error If you do, this is most likely a problem with the build-the-world package,
23 error not with npm itself.
23 error Tell the author that this fails on your system:
23 error     node lib/
23 error You can get information on how to open an issue for this project with:
23 error     npm bugs build-the-world
23 error Or if that isn't available, you can get their info via:
23 error     npm owner ls build-the-world
23 error There is likely additional logging output above.
24 verbose exit [ 1, true ]
